<?xml version="1.0" encoding="UTF-8"?>
<!-- Generated by org.testng.reporters.JUnitXMLReporter -->
<testsuite ignored="4" hostname="LAPTOP-V3JTNCDJ" failures="0" tests="2" name="Default test" time="4.634" errors="0" timestamp="25 Mar. 2021 12:58:06 GMT">
  <testcase classname="testing.testcases.BankManagerLoginTest" name="loginAsBankManager" time="3.886"/>
  <testcase classname="testing.testcases.AddCustomerTest" name="addCustomer" time="0.717"/>
  <testcase classname="testing.base.TestBase" name="@AfterSuite tearDown" time="0.0">
    <ignored/>
  </testcase> <!-- @AfterSuite tearDown -->
  <testcase classname="testing.base.TestBase" name="@AfterSuite tearDown" time="0.0">
    <ignored/>
  </testcase> <!-- @AfterSuite tearDown -->
  <testcase classname="testing.base.TestBase" name="@BeforeSuite setUp" time="0.0">
    <ignored/>
  </testcase> <!-- @BeforeSuite setUp -->
  <testcase classname="testing.base.TestBase" name="@BeforeSuite setUp" time="0.0">
    <ignored/>
  </testcase> <!-- @BeforeSuite setUp -->
</testsuite> <!-- Default test -->
