<?xml version="1.0" encoding="UTF-8"?>
<testng-results ignored="4" total="6" passed="2" failed="0" skipped="0">
  <reporter-output>
  </reporter-output>
  <suite started-at="2021-03-25T12:58:01Z" name="Default suite" finished-at="2021-03-25T12:58:06Z" duration-ms="4634">
    <groups>
    </groups>
    <test started-at="2021-03-25T12:58:01Z" name="Default test" finished-at="2021-03-25T12:58:06Z" duration-ms="4634">
      <class name="testing.testcases.BankManagerLoginTest">
        <test-method is-config="true" signature="setUp()[pri:0, instance:testing.testcases.BankManagerLoginTest@5f4d427e]" started-at="2021-03-25T08:57:57Z" name="setUp" finished-at="2021-03-25T08:58:01Z" duration-ms="4137" status="PASS">
          <reporter-output>
          </reporter-output>
        </test-method> <!-- setUp -->
        <test-method signature="loginAsBankManager()[pri:0, instance:testing.testcases.BankManagerLoginTest@5f4d427e]" started-at="2021-03-25T08:58:01Z" name="loginAsBankManager" finished-at="2021-03-25T08:58:05Z" duration-ms="3886" status="PASS">
          <reporter-output>
          </reporter-output>
        </test-method> <!-- loginAsBankManager -->
        <test-method is-config="true" signature="tearDown()[pri:0, instance:testing.testcases.BankManagerLoginTest@5f4d427e]" started-at="2021-03-25T08:58:06Z" name="tearDown" finished-at="2021-03-25T08:58:07Z" duration-ms="694" status="PASS">
          <reporter-output>
          </reporter-output>
        </test-method> <!-- tearDown -->
      </class> <!-- testing.testcases.BankManagerLoginTest -->
      <class name="testing.testcases.AddCustomerTest">
        <test-method signature="addCustomer(java.lang.String, java.lang.String, java.lang.String, java.lang.String)[pri:0, instance:testing.testcases.AddCustomerTest@6e521c1e]" started-at="2021-03-25T08:58:05Z" name="addCustomer" data-provider="getData" finished-at="2021-03-25T08:58:06Z" duration-ms="717" status="PASS">
          <params>
            <param index="0">
              <value>
                <![CDATA[Geethu]]>
              </value>
            </param>
            <param index="1">
              <value>
                <![CDATA[Anoop]]>
              </value>
            </param>
            <param index="2">
              <value>
                <![CDATA[L9T8K8]]>
              </value>
            </param>
            <param index="3">
              <value>
                <![CDATA[Customer added successfully with ]]>
              </value>
            </param>
          </params>
          <reporter-output>
          </reporter-output>
        </test-method> <!-- addCustomer -->
      </class> <!-- testing.testcases.AddCustomerTest -->
    </test> <!-- Default test -->
  </suite> <!-- Default suite -->
</testng-results>
